<?xml version="1.0" encoding="UTF-8"?>
<!-- Generated by org.testng.reporters.JUnitReportReporter -->
<testsuite skipped="0" hostname="DESKTOP-Q8V4QAS" name="sample.sample.ExecutionClass" tests="1" failures="0" timestamp="2020-02-23T17:21:49 IST" time="0.000" errors="0">
  <testcase name="login" time="0.000" classname="sample.sample.ExecutionClass"/>
</testsuite> <!-- sample.sample.ExecutionClass -->
