<?xml version="1.0" encoding="UTF-8"?>
<!-- Generated by org.testng.reporters.JUnitReportReporter -->
<testsuite skipped="0" hostname="DESKTOP-Q8V4QAS" name="sample.sample.Configuration" tests="1" failures="0" timestamp="2020-02-23T17:17:02 IST" time="0.036" errors="0">
  <testcase name="beforetest" time="0.036" classname="sample.sample.Configuration"/>
</testsuite> <!-- sample.sample.Configuration -->
